This is pdfTeX, Version 3.14159265-2.6-1.40.15 (MiKTeX 2.9) (preloaded format=latex 2015.6.15)  4 APR 2017 14:08
entering extended mode
**olikh.tex
(olikh.tex
LaTeX2e <2015/01/01>
Babel <3.9l> and hyphenation patterns for 4 languages loaded.
(iopart.cls
Document Class: iopart 1996/06/10 v0.0 IOP Journals LaTeX article class
(iopart12.clo
File: iopart12.clo 1997/01/15 v1.0 LaTeX2e file (size option)
)
\c@jnl=\count79
\c@section=\count80
\c@subsection=\count81
\c@subsubsection=\count82
\c@paragraph=\count83
\c@subparagraph=\count84
\c@figure=\count85
\c@table=\count86
\abovecaptionskip=\skip41
\belowcaptionskip=\skip42
\indentedwidth=\skip43
\mathindent=\dimen102
\c@eqnval=\count87
) ("C:\Program Files\MiKTeX 2.9\tex\latex\graphics\graphicx.sty"
Package: graphicx 2014/10/28 v1.0g Enhanced LaTeX Graphics (DPC,SPQR)

("C:\Program Files\MiKTeX 2.9\tex\latex\graphics\keyval.sty"
Package: keyval 2014/10/28 v1.15 key=value parser (DPC)
\KV@toks@=\toks14
)
("C:\Program Files\MiKTeX 2.9\tex\latex\graphics\graphics.sty"
Package: graphics 2014/10/28 v1.0p Standard LaTeX Graphics (DPC,SPQR)

("C:\Program Files\MiKTeX 2.9\tex\latex\graphics\trig.sty"
Package: trig 1999/03/16 v1.09 sin cos tan (DPC)
)
("C:\Program Files\MiKTeX 2.9\tex\latex\00miktex\graphics.cfg"
File: graphics.cfg 2007/01/18 v1.5 graphics configuration of teTeX/TeXLive
)
Package graphics Info: Driver file: dvips.def on input line 94.

("C:\Program Files\MiKTeX 2.9\tex\latex\graphics\dvips.def"
File: dvips.def 2014/10/14 v3.0j Driver-dependent file (DPC,SPQR)
))
\Gin@req@height=\dimen103
\Gin@req@width=\dimen104
) (olikh.aux)
LaTeX Font Info:    Checking defaults for OML/cmm/m/it on input line 5.
LaTeX Font Info:    ... okay on input line 5.
LaTeX Font Info:    Checking defaults for T1/cmr/m/n on input line 5.
LaTeX Font Info:    ... okay on input line 5.
LaTeX Font Info:    Checking defaults for OT1/cmr/m/n on input line 5.
LaTeX Font Info:    ... okay on input line 5.
LaTeX Font Info:    Checking defaults for OMS/cmsy/m/n on input line 5.
LaTeX Font Info:    ... okay on input line 5.
LaTeX Font Info:    Checking defaults for OMX/cmex/m/n on input line 5.
LaTeX Font Info:    ... okay on input line 5.
LaTeX Font Info:    Checking defaults for U/cmr/m/n on input line 5.
LaTeX Font Info:    ... okay on input line 5.

Underfull \hbox (badness 2753) in paragraph at lines 13--23
[][]\OT1/cmr/bx/n/10 Abstract. \OT1/cmr/m/n/10 Abstract Abstract Abstract Abstr
act Abstract Abstract Abstract
 []


LaTeX Warning: Citation `LID:BothePP' on page 1 undefined on input line 38.


LaTeX Warning: Citation `LID:SchmidtJMR' on page 1 undefined on input line 38.


LaTeX Warning: Citation `LIDRev' on page 1 undefined on input line 38.


LaTeX Warning: Citation `PID:SEMSC' on page 1 undefined on input line 39.


LaTeX Warning: Citation `PID:PP' on page 1 undefined on input line 39.


LaTeX Warning: Citation `Bhat' on page 1 undefined on input line 40.


LaTeX Warning: Citation `Karazhanov' on page 1 undefined on input line 40.


LaTeX Warning: Citation `Ostapenko1999' on page 1 undefined on input line 49.


LaTeX Warning: Citation `Ostrovskii2001' on page 1 undefined on input line 49.


LaTeX Warning: Citation `OlikhJAP' on page 1 undefined on input line 50.


LaTeX Warning: Citation `Olikh2011Sem' on page 1 undefined on input line 50.


LaTeX Warning: Citation `Davletova2009' on page 1 undefined on input line 50.


LaTeX Warning: Citation `Davletova2008' on page 1 undefined on input line 50.


LaTeX Warning: Citation `YOlikh2005' on page 1 undefined on input line 50.


LaTeX Warning: Citation `Olikh:Ultras' on page 1 undefined on input line 50.


LaTeX Warning: Citation `Korotchenkov1995' on page 1 undefined on input line 51
.


LaTeX Warning: Citation `Ostapenko1995' on page 1 undefined on input line 51.


LaTeX Warning: Citation `Olikh2009Sem' on page 1 undefined on input line 51.


LaTeX Warning: Citation `Zaver:2008' on page 1 undefined on input line 52.


LaTeX Warning: Citation `Mirsagatov' on page 1 undefined on input line 52.


LaTeX Warning: Citation `Ostapenko1999' on page 1 undefined on input line 53.


LaTeX Warning: Citation `Ostrovskii2001' on page 1 undefined on input line 53.


LaTeX Warning: Citation `OlikhJAP' on page 1 undefined on input line 53.


LaTeX Warning: Citation `Korotchenkov1995' on page 1 undefined on input line 53
.

[1

]
LaTeX Font Info:    External font `cmex10' loaded for size
(Font)              <12> on input line 55.
LaTeX Font Info:    External font `cmex10' loaded for size
(Font)              <8> on input line 55.
LaTeX Font Info:    External font `cmex10' loaded for size
(Font)              <6> on input line 55.


LaTeX Warning: Citation `CDLR:JAP' on page 2 undefined on input line 60.


LaTeX Warning: Citation `CDLR:JAP1995' on page 2 undefined on input line 60.

[2]
File: olikhFig1.eps Graphic file (type eps)
 <olikhFig1.eps>
LaTeX Font Info:    External font `cmex10' loaded for size
(Font)              <7> on input line 111.
LaTeX Font Info:    External font `cmex10' loaded for size
(Font)              <5> on input line 111.
Missing character: There is no – in font cmr12!


LaTeX Warning: Citation `Schroder2006' on page 3 undefined on input line 120.


LaTeX Warning: Citation `Markvart' on page 3 undefined on input line 120.


LaTeX Warning: Citation `Schroder2006' on page 3 undefined on input line 127.


LaTeX Warning: Citation `DEWang' on page 3 undefined on input line 128.

Missing character: There is no – in font cmr12!

LaTeX Warning: Citation `Ostapenko1995' on page 3 undefined on input line 154.


LaTeX Warning: Citation `Olikh:Ultras' on page 3 undefined on input line 154.


LaTeX Warning: Citation `Ostrovskii2001' on page 3 undefined on input line 154.


[3]
File: olikhFig2abcd.eps Graphic file (type eps)
 <olikhFig2abcd.eps>
Missing character: There is no – in font cmr12!
Missing character: There is no – in font cmr12!
 [4]

LaTeX Warning: Citation `Rhoderick1988' on page 5 undefined on input line 240.


LaTeX Warning: Citation `Aboelfotoh' on page 5 undefined on input line 241.


LaTeX Warning: Citation `Zhua' on page 5 undefined on input line 241.

Missing character: There is no – in font cmr12!
[5]
No file olikh.bbl.
[6] (olikh.aux)

LaTeX Warning: There were undefined references.

 ) 
Here is how much of TeX's memory you used:
 858 strings out of 495031
 7998 string characters out of 3177571
 67581 words of memory out of 3000000
 4154 multiletter control sequences out of 15000+200000
 8112 words of font info for 29 fonts, out of 3000000 for 9000
 198 hyphenation exceptions out of 8191
 25i,9n,21p,263b,331s stack positions out of 5000i,500n,10000p,200000b,50000s

Output written on olikh.dvi (6 pages, 19736 bytes).
